<?xml version="1.0" encoding="UTF-8"?>
<testsuite xmlns:xsi="http://www.w3.org/2001/XMLSchema-instance" xsi:noNamespaceSchemaLocation="https://maven.apache.org/surefire/maven-surefire-plugin/xsd/surefire-test-report-3.0.xsd" version="3.0" name="TestSuite" time="69.508" tests="3" errors="0" skipped="0" failures="0">
  <properties>
[...]
</properties>
  <testcase name="dcmAdminEnumsPage" classname="com.trilogy.dcm.tests.dcmAdminEnums.DcmAdminEnumsTest" time="33.341">
    <system-out><![CDATA[2025-05-24T07:28:43.472532817Z main ERROR Log4j2 could not find a logging implementation. Please add log4j-core to the classpath. Using SimpleLogger to log to the console...
]]></system-out>
    <system-err><![CDATA[[main] INFO com.trilogy.dcm.base.playwright.PlaywrightWebDriver - Running browser version: 133.0.6943.141
[main] INFO com.trilogy.dcm.listeners.SuiteRetryAnalyzer - Starting suite: Login - Attempt: 1
[main] INFO com.trilogy.dcm.listeners.TestListener - I am in onStart method Dcm Admin Enums Test
[main] INFO com.trilogy.dcm.base.playwright.PlaywrightElement - Given text [sa] entered on element [LOGINNAME], current value []
[main] INFO com.trilogy.dcm.pages.BasePage - Set text [sa] in element: LOGINNAME
[main] INFO com.trilogy.dcm.base.playwright.PlaywrightElement - Given text [sa] entered on element [PASSWORD], current value []
[main] INFO com.trilogy.dcm.pages.BasePage - Set text [sa] in element: PASSWORD
[main] INFO com.trilogy.dcm.pages.BasePage - Clicked element: Login
[main] INFO com.trilogy.dcm.listeners.TestListener - dCM Admin Enums test is starting.
[main] INFO com.trilogy.dcm.pages.BasePage - Clicked element: DcmAdmin
[main] INFO com.trilogy.dcm.pages.BasePage - Clicked element: sub supporting data
[main] WARN com.trilogy.dcm.base.playwright.PlaywrightElement - Failed to detect elements with xpath: //button[@title= 'Search Course'], timeout: 30000ms
com.microsoft.playwright.TimeoutError: Error {
  message='Timeout 30000ms exceeded.
  name='TimeoutError
  stack='TimeoutError: Timeout 30000ms exceeded.
    at ProgressController.run (/tmp/playwright-java-18026810579264517474/package/lib/server/progress.js:75:26)
    at Frame.waitForSelector (/tmp/playwright-java-18026810579264517474/package/lib/server/frames.js:629:23)
    at FrameDispatcher.waitForSelector (/tmp/playwright-java-18026810579264517474/package/lib/server/dispatchers/frameDispatcher.js:105:103)
    at FrameDispatcher._handleCommand (/tmp/playwright-java-18026810579264517474/package/lib/server/dispatchers/dispatcher.js:96:40)
    at DispatcherConnection.dispatch (/tmp/playwright-java-18026810579264517474/package/lib/server/dispatchers/dispatcher.js:366:39)
}
Call log:
-   - waiting for locator("frame[name='sidebar']").contentFrame().locator("//button[@title= 'Search Course']") to be visible

	at com.microsoft.playwright.impl.WaitableResult.get(WaitableResult.java:52)
	at com.microsoft.playwright.impl.ChannelOwner.runUntil(ChannelOwner.java:132)
	at com.microsoft.playwright.impl.Connection.sendMessage(Connection.java:130)
	at com.microsoft.playwright.impl.ChannelOwner.sendMessage(ChannelOwner.java:118)
	at com.microsoft.playwright.impl.FrameImpl.waitForSelectorImpl(FrameImpl.java:1060)
	at com.microsoft.playwright.impl.LocatorImpl.lambda$waitForImpl$8(LocatorImpl.java:634)
	at com.microsoft.playwright.impl.LoggingSupport.withLogging(LoggingSupport.java:47)
	at com.microsoft.playwright.impl.ChannelOwner.withLogging(ChannelOwner.java:97)
	at com.microsoft.playwright.impl.LocatorImpl.waitForImpl(LocatorImpl.java:634)
	at com.microsoft.playwright.impl.LocatorImpl.waitFor(LocatorImpl.java:630)
	at com.trilogy.dcm.base.playwright.PlaywrightElement.detectElements(PlaywrightElement.java:64)
	at com.trilogy.dcm.base.playwright.PlaywrightElement.isElementPresent(PlaywrightElement.java:110)
	at com.trilogy.dcm.base.playwright.PlaywrightWebDriver.isElementPresent(PlaywrightWebDriver.java:164)
	at com.trilogy.dcm.pages.BasePage.isElementPresent(BasePage.java:203)
	at com.trilogy.dcm.pages.dcmAdminEnums.DcmAdminEnumsPage.selectEnums(DcmAdminEnumsPage.java:70)
	at com.trilogy.dcm.tests.dcmAdminEnums.DcmAdminEnumsTest.dcmAdminEnumsPage(DcmAdminEnumsTest.java:58)
	at java.base/jdk.internal.reflect.DirectMethodHandleAccessor.invoke(DirectMethodHandleAccessor.java:103)
	at java.base/java.lang.reflect.Method.invoke(Method.java:580)
	at org.testng.internal.invokers.MethodInvocationHelper.invokeMethod(MethodInvocationHelper.java:141)
	at org.testng.internal.invokers.TestInvoker.invokeMethod(TestInvoker.java:686)
	at org.testng.internal.invokers.TestInvoker.invokeTestMethod(TestInvoker.java:230)
	at org.testng.internal.invokers.MethodRunner.runInSequence(MethodRunner.java:63)
	at org.testng.internal.invokers.TestInvoker$MethodInvocationAgent.invoke(TestInvoker.java:992)
	at org.testng.internal.invokers.TestInvoker.invokeTestMethods(TestInvoker.java:203)
	at org.testng.internal.invokers.TestMethodWorker.invokeTestMethods(TestMethodWorker.java:154)
	at org.testng.internal.invokers.TestMethodWorker.run(TestMethodWorker.java:134)
	at java.base/java.util.ArrayList.forEach(ArrayList.java:1596)
	at org.testng.TestRunner.privateRun(TestRunner.java:739)
	at org.testng.TestRunner.run(TestRunner.java:614)
	at org.testng.SuiteRunner.runTest(SuiteRunner.java:421)
	at org.testng.SuiteRunner.runSequentially(SuiteRunner.java:413)
	at org.testng.SuiteRunner.privateRun(SuiteRunner.java:373)
	at org.testng.SuiteRunner.run(SuiteRunner.java:312)
	at org.testng.SuiteRunnerWorker.runSuite(SuiteRunnerWorker.java:52)
	at org.testng.SuiteRunnerWorker.run(SuiteRunnerWorker.java:95)
	at org.testng.TestNG.runSuitesSequentially(TestNG.java:1274)
	at org.testng.TestNG.runSuitesLocally(TestNG.java:1208)
	at org.testng.TestNG.runSuites(TestNG.java:1112)
	at org.testng.TestNG.run(TestNG.java:1079)
	at org.apache.maven.surefire.testng.TestNGExecutor.run(TestNGExecutor.java:284)
	at org.apache.maven.surefire.testng.TestNGXmlTestSuite.execute(TestNGXmlTestSuite.java:75)
	at org.apache.maven.surefire.testng.TestNGProvider.invoke(TestNGProvider.java:119)
	at org.apache.maven.surefire.booter.ForkedBooter.runSuitesInProcess(ForkedBooter.java:428)
	at org.apache.maven.surefire.booter.ForkedBooter.execute(ForkedBooter.java:162)
	at org.apache.maven.surefire.booter.ForkedBooter.run(ForkedBooter.java:562)
	at org.apache.maven.surefire.booter.ForkedBooter.main(ForkedBooter.java:548)
Caused by: com.microsoft.playwright.TimeoutError: Error {
  message='Timeout 30000ms exceeded.
  name='TimeoutError
  stack='TimeoutError: Timeout 30000ms exceeded.
    at ProgressController.run (/tmp/playwright-java-18026810579264517474/package/lib/server/progress.js:75:26)
    at Frame.waitForSelector (/tmp/playwright-java-18026810579264517474/package/lib/server/frames.js:629:23)
    at FrameDispatcher.waitForSelector (/tmp/playwright-java-18026810579264517474/package/lib/server/dispatchers/frameDispatcher.js:105:103)
    at FrameDispatcher._handleCommand (/tmp/playwright-java-18026810579264517474/package/lib/server/dispatchers/dispatcher.js:96:40)
    at DispatcherConnection.dispatch (/tmp/playwright-java-18026810579264517474/package/lib/server/dispatchers/dispatcher.js:366:39)
}
Call log:
-   - waiting for locator("frame[name='sidebar']").contentFrame().locator("//button[@title= 'Search Course']") to be visible

	at com.microsoft.playwright.impl.Connection.dispatch(Connection.java:254)
	at com.microsoft.playwright.impl.Connection.processOneMessage(Connection.java:211)
	at com.microsoft.playwright.impl.ChannelOwner.runUntil(ChannelOwner.java:130)
	... 44 more
[main] INFO com.trilogy.dcm.pages.BasePage - Clicked element: CourseDropDown
[main] INFO com.trilogy.dcm.pages.BasePage - Clicked element: enumsSearch
[main] INFO com.trilogy.dcm.listeners.SuiteRetryAnalyzer - Test passed: dcmAdminEnumsPage
[main] INFO com.trilogy.dcm.listeners.TestListener - dCM Admin Enums test is succeeded.
]]></system-err>
  </testcase>
  <testcase name="createEnums[10, enum1, 22, enum creation](1)" classname="com.trilogy.dcm.tests.dcmAdminEnums.DcmAdminEnumsTest" time="14.831">
    <system-err><![CDATA[[main] INFO com.trilogy.dcm.listeners.TestListener - create Enums test is starting.
[main] INFO com.trilogy.dcm.pages.BasePage - Clicked element: createEnums
[main] INFO com.trilogy.dcm.base.playwright.PlaywrightElement - Given text [10] entered on element [Id], current value []
[main] INFO com.trilogy.dcm.pages.BasePage - Set text [10] in element: basicInfo
[main] INFO com.trilogy.dcm.pages.BasePage - Clicked element: add
[main] INFO com.trilogy.dcm.pages.BasePage - Clicked element: enumName
[main] INFO com.trilogy.dcm.base.playwright.PlaywrightElement - Given text [enum1] entered on element [Entries_Name_0], current value []
[main] INFO com.trilogy.dcm.pages.BasePage - Set text [enum1] in element: enumName
[main] INFO com.trilogy.dcm.pages.BasePage - Clicked element: value
[main] INFO com.trilogy.dcm.base.playwright.PlaywrightElement - Given text [22] entered on element [Entries_Value_0], current value []
[main] INFO com.trilogy.dcm.pages.BasePage - Set text [22] in element: value
[main] INFO com.trilogy.dcm.pages.BasePage - Clicked element: displayName
[main] INFO com.trilogy.dcm.base.playwright.PlaywrightElement - Given text [enum creation] entered on element [Entries_DisplayName_0], current value []
[main] INFO com.trilogy.dcm.pages.BasePage - Set text [enum creation] in element: displayName
[main] INFO com.trilogy.dcm.pages.BasePage - Clicked element: validateButton
[main] INFO com.trilogy.dcm.pages.BasePage - Clicked element: validateButton
[main] INFO com.trilogy.dcm.pages.BasePage - Fetched text: Validating...successful
[main] INFO com.trilogy.dcm.pages.BasePage - Clicked element: saveButton
[main] INFO com.trilogy.dcm.listeners.SuiteRetryAnalyzer - Test passed: createEnums
[main] INFO com.trilogy.dcm.listeners.TestListener - create Enums test is succeeded.
]]></system-err>
  </testcase>
  <testcase name="searchAndEditEnums[10, 20](1)" classname="com.trilogy.dcm.tests.dcmAdminEnums.DcmAdminEnumsTest" time="5.389">
    <system-err><![CDATA[[main] INFO com.trilogy.dcm.listeners.TestListener - search & Edit Enums test is starting.
[main] INFO com.trilogy.dcm.pages.BasePage - Clicked element: enumerationID
[main] INFO com.trilogy.dcm.base.playwright.PlaywrightElement - Given text [10] entered on element [Field_EnumManager_Enums_Main_ID_Search_Value], current value []
[main] INFO com.trilogy.dcm.pages.BasePage - Set text [10] in element: enumerationID
[main] INFO com.trilogy.dcm.pages.BasePage - Clicked element: searchButton
[main] INFO com.trilogy.dcm.pages.BasePage - Clicked element: editEnumsButton
[main] INFO com.trilogy.dcm.pages.BasePage - Clicked element: editValue
[main] INFO com.trilogy.dcm.base.playwright.PlaywrightElement - Given text [20] entered on element [EntriesEdit_Value_0], current value []
[main] INFO com.trilogy.dcm.pages.BasePage - Set text [20] in element: editValue
[main] INFO com.trilogy.dcm.pages.BasePage - Clicked element: validateButton
[main] INFO com.trilogy.dcm.pages.BasePage - Clicked element: validateButton
[main] INFO com.trilogy.dcm.pages.BasePage - Fetched text: Validating...successful
[main] INFO com.trilogy.dcm.pages.BasePage - Clicked element: saveButton
[main] INFO com.trilogy.dcm.listeners.SuiteRetryAnalyzer - Test passed: searchAndEditEnums
[main] INFO com.trilogy.dcm.listeners.TestListener - search & Edit Enums test is succeeded.
]]></system-err>
  </testcase>
</testsuite>