<?xml version="1.0" encoding="UTF-8"?>
<!-- Generated by org.testng.reporters.JUnitXMLReporter -->
<testsuite ignored="0" hostname="santhosh" failures="0" tests="3" name="Dcm Admin Enums Test" time="60.249" errors="0" timestamp="2025-05-24T12:59:43 IST">
  <testcase classname="com.trilogy.dcm.tests.dcmAdminEnums.DcmAdminEnumsTest" name="dcmAdminEnumsPage" time="33.322"/>
  <testcase classname="com.trilogy.dcm.tests.dcmAdminEnums.DcmAdminEnumsTest" name="createEnums" time="14.818"/>
  <testcase classname="com.trilogy.dcm.tests.dcmAdminEnums.DcmAdminEnumsTest" name="searchAndEditEnums" time="5.383"/>
</testsuite> <!-- Dcm Admin Enums Test -->
